<?xml version="1.0" encoding="UTF-8"?>
<!-- Generated by org.testng.reporters.JUnitReportReporter -->
<testsuite hostname="DESKTOP-MPHA53A" failures="0" tests="3" name="Testng_pgm.Testng_priority" time="7.120" errors="0" timestamp="2024-05-24T09:34:57 GMT-06:00" skipped="1">
  <testcase classname="Testng_pgm.Testng_priority" name="launch" time="6.656"/>
  <system-out/>
  <testcase classname="Testng_pgm.Testng_priority" name="verify" time="0.464"/>
  <system-out/>
  <testcase classname="Testng_pgm.Testng_priority" name="search">
    <skipped/>
  </testcase> <!-- search -->
  <system-out/>
</testsuite> <!-- Testng_pgm.Testng_priority -->
